<?xml version="1.0" encoding="UTF-8"?>
<!-- Generated by org.testng.reporters.JUnitReportReporter -->
<testsuite hostname="NODE175" name="chrome.TestChrome" tests="1" failures="0" timestamp="27 Oct 2014 07:03:38 GMT" time="6.538" errors="0">
  <testcase name="check" time="6.538" classname="chrome.TestChrome"/>
</testsuite> <!-- chrome.TestChrome -->
