<?xml version="1.0" encoding="UTF-8"?>
<!-- Generated by org.testng.reporters.JUnitReportReporter -->
<testsuite hostname="NODE175" name="InternetExplorer.TestIE" tests="1" failures="0" timestamp="27 Oct 2014 06:57:18 GMT" time="2.348" errors="0">
  <testcase name="check" time="2.348" classname="InternetExplorer.TestIE"/>
</testsuite> <!-- InternetExplorer.TestIE -->
