<?xml version="1.0" encoding="UTF-8"?>
<!-- Generated by org.testng.reporters.JUnitReportReporter -->
<testsuite hostname="NODE175" name="selenium.textVerification" tests="3" failures="0" timestamp="28 Oct 2014 06:00:12 GMT" time="2303.784" errors="0">
  <testcase name="alert" time="18.296" classname="selenium.textVerification"/>
  <testcase name="alert" time="1143.137" classname="selenium.textVerification"/>
  <testcase name="alert" time="1142.351" classname="selenium.textVerification"/>
</testsuite> <!-- selenium.textVerification -->
