<?xml version="1.0" encoding="UTF-8"?>
<!-- Generated by org.testng.reporters.JUnitReportReporter -->
<testsuite hostname="NODE175" name="macys.Signup" tests="1" failures="0" timestamp="17 Oct 2014 04:38:44 GMT" time="19.761" errors="0">
  <testcase name="testmacys" time="19.761" classname="macys.Signup"/>
</testsuite> <!-- macys.Signup -->
