<?xml version="1.0" encoding="UTF-8"?>
<!-- Generated by org.testng.reporters.JUnitReportReporter -->
<testsuite hostname="NODE175" name="selenium.SeleniumTest" tests="3" failures="0" timestamp="17 Oct 2014 04:49:26 GMT" time="0.013" errors="0">
  <testcase name="param" time="0.008" classname="selenium.SeleniumTest"/>
  <testcase name="test" time="0.002" classname="selenium.SeleniumTest"/>
  <testcase name="test2" time="0.003" classname="selenium.SeleniumTest"/>
</testsuite> <!-- selenium.SeleniumTest -->
